<?xml version="1.0" encoding="UTF-8"?>
<!-- Generated by org.testng.reporters.JUnitReportReporter -->
<testsuite hostname="swap402PC" name="com.test.myTest" tests="1" failures="0" timestamp="31 May 2014 07:37:08 GMT" time="0.012" errors="0">
  <testcase name="checkin" time="0.012" classname="com.test.myTest"/>
</testsuite> <!-- com.test.myTest -->
