<?xml version="1.0" encoding="UTF-8"?>
<!-- Generated by org.testng.reporters.JUnitReportReporter -->
<testsuite hostname="swap402PC" name="seleniumtest.alcostore_link" tests="1" failures="0" timestamp="30 May 2014 01:17:40 GMT" time="88.897" errors="0">
  <testcase name="checkalllinks" time="88.897" classname="seleniumtest.alcostore_link"/>
</testsuite> <!-- seleniumtest.alcostore_link -->
